[2024-10-15 16:50:51,531 : INFO : download_and_transcript : Created yt_download instace]
[2024-10-15 16:50:51,531 : INFO : download_and_transcript : Started downloading the Yt video]
[2024-10-15 16:50:58,077 : INFO : Stage_01_YT_download : Downloaded audio to downloads/kibx5BR6trA.mp3]
[2024-10-15 16:50:58,078 : INFO : download_and_transcript : Download compleated]
[2024-10-15 16:50:58,078 : INFO : download_and_transcript : Created Transcriber Object]
[2024-10-15 16:50:58,078 : INFO : Stage_02_audio_to_text : Started the Transcribing process]
[2024-10-15 16:51:16,386 : INFO : Stage_02_audio_to_text : Transcription Done ]
[2024-10-15 16:51:16,387 : INFO : download_and_transcript : Transcribing process completed]
[2024-10-15 16:51:16,388 : INFO : download_and_transcript : file saved as kibx5BR6trA]
[2024-10-15 16:51:16,388 : INFO : download_and_transcript : Created Audion generation object]
[2024-10-15 16:51:44,950 : INFO : download_and_transcript : Compleated audio generation]
[2024-10-20 23:22:23,121 : INFO : download_and_transcript : Created yt_download instace]
[2024-10-20 23:22:23,121 : INFO : download_and_transcript : Started downloading the Yt video]
[2024-10-20 23:22:48,125 : INFO : Stage_01_YT_download : Downloaded audio to downloads/TesbMy__Uq8.mp3]
[2024-10-20 23:22:48,127 : INFO : download_and_transcript : Download compleated]
[2024-10-20 23:22:48,127 : INFO : download_and_transcript : Created Transcriber Object]
[2024-10-20 23:22:48,127 : INFO : Stage_02_audio_to_text : Started the Transcribing process]
[2024-10-20 23:27:23,925 : INFO : Stage_02_audio_to_text : Transcription Done ]
[2024-10-20 23:27:23,927 : INFO : download_and_transcript : Transcribing process completed]
[2024-10-20 23:27:23,927 : INFO : download_and_transcript : file saved as TesbMy__Uq8]
[2024-10-20 23:27:23,927 : INFO : download_and_transcript : Created Audion generation object]
[2024-10-20 23:27:25,649 : INFO : download_and_transcript : Compleated audio generation]
[2024-10-20 23:55:48,622 : INFO : download_and_transcript : Created Transcriber Object]
[2024-10-20 23:55:48,623 : INFO : Stage_02_audio_to_text : Started the Transcribing process]
[2024-10-20 23:55:55,683 : INFO : Stage_02_audio_to_text : Transcription Done ]
[2024-10-20 23:55:55,685 : INFO : download_and_transcript : Transcribing process completed]
[2024-10-20 23:55:55,686 : INFO : download_and_transcript : file saved as raw_1]
